#
# There is insufficient memory for the Java Runtime Environment to continue.
# Native memory allocation (mmap) failed to map 268435456 bytes for Failed to commit area from 0x0000000701a00000 to 0x0000000711a00000 of length 268435456.
# Possible reasons:
#   The system is out of physical RAM or swap space
#   The process is running with CompressedOops enabled, and the Java Heap may be blocking the growth of the native heap
# Possible solutions:
#   Reduce memory load on the system
#   Increase physical memory or swap space
#   Check if swap backing store is full
#   Decrease Java heap size (-Xmx/-Xms)
#   Decrease number of Java threads
#   Decrease Java thread stack sizes (-Xss)
#   Set larger code cache with -XX:ReservedCodeCacheSize=
# This output file may be truncated or incomplete.
#
#  Out of Memory Error (t:/workspace/open/src/hotspot/os/windows/os_windows.cpp:3301), pid=10672, tid=16952
#
# JRE version:  (13.0.2+8) (build )
# Java VM: Java HotSpot(TM) 64-Bit Server VM (13.0.2+8, mixed mode, aot, sharing, tiered, compressed oops, g1 gc, windows-amd64)
# No core dump will be written. Minidumps are not enabled by default on client versions of Windows
#

---------------  S U M M A R Y ------------

Command Line: --module-path=C:\Users\riad2\Desktop\Desktop\Development Studio\Enviroment Setup\javafx-sdk-11.0.2\lib --add-modules=javafx.controls,javafx.fxml -Dfile.encoding=Cp1252 application.Main

Host: Intel(R) Core(TM) i7-6700HQ CPU @ 2.60GHz, 8 cores, 15G,  Windows 10 , 64 bit Build 18362 (10.0.18362.1110)
Time: Thu Dec 31 01:26:27 2020 Romance Standard Time elapsed time: 0 seconds (0d 0h 0m 0s)

---------------  T H R E A D  ---------------

Current thread (0x000001b8e7242800):  JavaThread "Unknown thread" [_thread_in_vm, id=16952, stack(0x0000007ade400000,0x0000007ade500000)]

Stack: [0x0000007ade400000,0x0000007ade500000]
Native frames: (J=compiled Java code, j=interpreted, Vv=VM code, C=native code)
V  [jvm.dll+0x624f9a]
V  [jvm.dll+0x770cfa]
V  [jvm.dll+0x7724af]
V  [jvm.dll+0x772ab3]
V  [jvm.dll+0x24bf08]
V  [jvm.dll+0x6222aa]
V  [jvm.dll+0x6170b5]
V  [jvm.dll+0x30a88c]
V  [jvm.dll+0x30a6c2]
V  [jvm.dll+0x30fe36]
V  [jvm.dll+0x353f46]
V  [jvm.dll+0x353720]
V  [jvm.dll+0x2e550a]
V  [jvm.dll+0x2e67a2]
V  [jvm.dll+0x74dd78]
V  [jvm.dll+0x361989]
V  [jvm.dll+0x730e65]
V  [jvm.dll+0x3cc53f]
V  [jvm.dll+0x3ce861]
C  [jli.dll+0x51ff]
C  [ucrtbase.dll+0x210b2]
C  [KERNEL32.DLL+0x17c24]
C  [ntdll.dll+0x6d4d1]


---------------  P R O C E S S  ---------------

Threads class SMR info:
_java_thread_list=0x00007ffc15aaccb8, length=0, elements={
}

Java Threads: ( => current thread )

Other Threads:
  0x000001b8e72ae000 GCTaskThread "GC Thread#0" [stack: 0x0000007ade500000,0x0000007ade600000] [id=10408]
  0x000001b8e72d0000 ConcurrentGCThread "G1 Main Marker" [stack: 0x0000007ade600000,0x0000007ade700000] [id=17204]
  0x000001b8e72d1800 ConcurrentGCThread "G1 Conc#0" [stack: 0x0000007ade700000,0x0000007ade800000] [id=2052]

[error occurred during error reporting (printing all threads), id 0xc0000005, EXCEPTION_ACCESS_VIOLATION (0xc0000005) at pc=0x00007ffc152e51d7]

VM state:not at safepoint (not fully initialized)

VM Mutex/Monitor currently owned by a thread:  ([mutex/lock_event])
[0x000001b8e723db20] Heap_lock - owner thread: 0x000001b8e7242800

Heap address: 0x0000000701a00000, size: 4070 MB, Compressed Oops mode: Non-zero based: 0x0000000701a00000
Narrow klass base: 0x0000000000000000, Narrow klass shift: 0

GC Heap History (0 events):
No events

Deoptimization events (0 events):
No events

Classes unloaded (0 events):
No events

Classes redefined (0 events):
No events

Internal exceptions (0 events):
No events

Events (8 events):
Event: 0.008 Loaded shared library C:\Program Files\Java\jdk-13.0.2\bin\zip.dll
Event: 0.009 Loaded shared library C:\Program Files\Java\jdk-13.0.2\bin\jimage.dll
Event: 0.011 Loading shared library C:\Program Files\Java\jdk-13.0.2\lib\libjava.base-coop.dll failed, error code 126
Event: 0.011 Loading shared library C:\Program Files\Java\jdk-13.0.2\lib\libjava.logging-coop.dll failed, error code 126
Event: 0.011 Loading shared library C:\Program Files\Java\jdk-13.0.2\lib\libjdk.compiler-coop.dll failed, error code 126
Event: 0.011 Loading shared library C:\Program Files\Java\jdk-13.0.2\lib\libjdk.scripting.nashorn-coop.dll failed, error code 126
Event: 0.011 Loading shared library C:\Program Files\Java\jdk-13.0.2\lib\libjdk.internal.vm.ci-coop.dll failed, error code 126
Event: 0.011 Loading shared library C:\Program Files\Java\jdk-13.0.2\lib\libjdk.internal.vm.compiler-coop.dll failed, error code 126


Dynamic libraries:
0x00007ff655860000 - 0x00007ff65586f000 	C:\Program Files\Java\jdk-13.0.2\bin\javaw.exe
0x00007ffc69cc0000 - 0x00007ffc69eb0000 	C:\WINDOWS\SYSTEM32\ntdll.dll
0x00007ffc69680000 - 0x00007ffc69732000 	C:\WINDOWS\System32\KERNEL32.DLL
0x00007ffc66f50000 - 0x00007ffc671f5000 	C:\WINDOWS\System32\KERNELBASE.dll
0x00007ffc66e20000 - 0x00007ffc66f1a000 	C:\WINDOWS\System32\ucrtbase.dll
0x00007ffc57410000 - 0x00007ffc57425000 	C:\Program Files\Java\jdk-13.0.2\bin\VCRUNTIME140.dll
0x00007ffc57430000 - 0x00007ffc57448000 	C:\Program Files\Java\jdk-13.0.2\bin\jli.dll
0x00007ffc69520000 - 0x00007ffc695c3000 	C:\WINDOWS\System32\ADVAPI32.dll
0x00007ffc67f10000 - 0x00007ffc67fae000 	C:\WINDOWS\System32\msvcrt.dll
0x00007ffc68220000 - 0x00007ffc682b7000 	C:\WINDOWS\System32\sechost.dll
0x00007ffc68600000 - 0x00007ffc68720000 	C:\WINDOWS\System32\RPCRT4.dll
0x00007ffc67d70000 - 0x00007ffc67f04000 	C:\WINDOWS\System32\USER32.dll
0x00007ffc66c30000 - 0x00007ffc66c51000 	C:\WINDOWS\System32\win32u.dll
0x00007ffc57880000 - 0x00007ffc57b04000 	C:\WINDOWS\WinSxS\amd64_microsoft.windows.common-controls_6595b64144ccf1df_6.0.18362.1256_none_9e7e379be45e40e2\COMCTL32.dll
0x00007ffc68c90000 - 0x00007ffc68cb6000 	C:\WINDOWS\System32\GDI32.dll
0x00007ffc67990000 - 0x00007ffc67b26000 	C:\WINDOWS\System32\gdi32full.dll
0x00007ffc68810000 - 0x00007ffc68b46000 	C:\WINDOWS\System32\combase.dll
0x00007ffc67b30000 - 0x00007ffc67bce000 	C:\WINDOWS\System32\msvcp_win.dll
0x00007ffc67ce0000 - 0x00007ffc67d61000 	C:\WINDOWS\System32\bcryptPrimitives.dll
0x00007ffc61220000 - 0x00007ffc6122a000 	C:\WINDOWS\SYSTEM32\VERSION.dll
0x00007ffc695d0000 - 0x00007ffc695fe000 	C:\WINDOWS\System32\IMM32.DLL
0x00007ffc300e0000 - 0x00007ffc3017b000 	C:\Program Files\Java\jdk-13.0.2\bin\msvcp140.dll
0x00007ffc14ff0000 - 0x00007ffc15b4d000 	C:\Program Files\Java\jdk-13.0.2\bin\server\jvm.dll
0x00007ffc68370000 - 0x00007ffc68378000 	C:\WINDOWS\System32\PSAPI.DLL
0x00007ffc65630000 - 0x00007ffc65639000 	C:\WINDOWS\SYSTEM32\WSOCK32.dll
0x00007ffc616c0000 - 0x00007ffc616e4000 	C:\WINDOWS\SYSTEM32\WINMM.dll
0x00007ffc69440000 - 0x00007ffc694af000 	C:\WINDOWS\System32\WS2_32.dll
0x00007ffc61690000 - 0x00007ffc616bd000 	C:\WINDOWS\SYSTEM32\winmmbase.dll
0x00007ffc66c60000 - 0x00007ffc66caa000 	C:\WINDOWS\System32\cfgmgr32.dll
0x00007ffc66bc0000 - 0x00007ffc66bd1000 	C:\WINDOWS\System32\kernel.appcore.dll
0x00007ffc61e10000 - 0x00007ffc61e20000 	C:\Program Files\Java\jdk-13.0.2\bin\verify.dll
0x00007ffc65410000 - 0x00007ffc65604000 	C:\WINDOWS\SYSTEM32\DBGHELP.DLL
0x00007ffc4c3a0000 - 0x00007ffc4c3ca000 	C:\WINDOWS\SYSTEM32\dbgcore.DLL
0x00007ffc58660000 - 0x00007ffc58686000 	C:\Program Files\Java\jdk-13.0.2\bin\java.dll
0x00007ffc5fae0000 - 0x00007ffc5faf7000 	C:\Program Files\Java\jdk-13.0.2\bin\zip.dll
0x00007ffc61430000 - 0x00007ffc6143a000 	C:\Program Files\Java\jdk-13.0.2\bin\jimage.dll

dbghelp: loaded successfully - version: 4.0.5 - missing functions: none
symbol engine: initialized successfully - sym options: 0x614 - pdb path: .;C:\Program Files\Java\jdk-13.0.2\bin;C:\WINDOWS\SYSTEM32;C:\WINDOWS\WinSxS\amd64_microsoft.windows.common-controls_6595b64144ccf1df_6.0.18362.1256_none_9e7e379be45e40e2;C:\Program Files\Java\jdk-13.0.2\bin\server

VM Arguments:
jvm_args: --module-path=C:\Users\riad2\Desktop\Desktop\Development Studio\Enviroment Setup\javafx-sdk-11.0.2\lib --add-modules=javafx.controls,javafx.fxml -Dfile.encoding=Cp1252 
java_command: application.Main
java_class_path (initial): C:\Users\riad2\eclipse-workspace\Quiz Manager\bin;C:\Users\riad2\Desktop\Desktop\Development Studio\Enviroment Setup\javafx-sdk-11.0.2\lib\javafx.base.jar;C:\Users\riad2\Desktop\Desktop\Development Studio\Enviroment Setup\javafx-sdk-11.0.2\lib\javafx.controls.jar;C:\Users\riad2\Desktop\Desktop\Development Studio\Enviroment Setup\javafx-sdk-11.0.2\lib\javafx.fxml.jar;C:\Users\riad2\Desktop\Desktop\Development Studio\Enviroment Setup\javafx-sdk-11.0.2\lib\javafx.graphics.jar;C:\Users\riad2\Desktop\Desktop\Development Studio\Enviroment Setup\javafx-sdk-11.0.2\lib\javafx.media.jar;C:\Users\riad2\Desktop\Desktop\Development Studio\Enviroment Setup\javafx-sdk-11.0.2\lib\javafx.swing.jar;C:\Users\riad2\Desktop\Desktop\Development Studio\Enviroment Setup\javafx-sdk-11.0.2\lib\javafx.web.jar;C:\Users\riad2\Desktop\Desktop\Development Studio\Enviroment Setup\javafx-sdk-11.0.2\lib\javafx-swt.jar;C:\Users\riad2\Desktop\EPITA\OOA & UML & Java\JDBC Drivers\postgresql-42.2.18.jar
Launcher Type: SUN_STANDARD

[Global flags]
     intx CICompilerCount                          = 4                                         {product} {ergonomic}
     uint ConcGCThreads                            = 2                                         {product} {ergonomic}
     uint G1ConcRefinementThreads                  = 8                                         {product} {ergonomic}
   size_t G1HeapRegionSize                         = 1048576                                   {product} {ergonomic}
    uintx GCDrainStackTargetSize                   = 64                                        {product} {ergonomic}
   size_t InitialHeapSize                          = 268435456                                 {product} {ergonomic}
   size_t MarkStackSize                            = 4194304                                   {product} {ergonomic}
   size_t MaxHeapSize                              = 4267704320                                {product} {ergonomic}
   size_t MinHeapDeltaBytes                        = 1048576                                   {product} {ergonomic}
   size_t MinHeapSize                              = 8388608                                   {product} {ergonomic}
    uintx NonNMethodCodeHeapSize                   = 5839372                                {pd product} {ergonomic}
    uintx NonProfiledCodeHeapSize                  = 122909434                              {pd product} {ergonomic}
    uintx ProfiledCodeHeapSize                     = 122909434                              {pd product} {ergonomic}
    uintx ReservedCodeCacheSize                    = 251658240                              {pd product} {ergonomic}
     bool SegmentedCodeCache                       = true                                      {product} {ergonomic}
   size_t SoftMaxHeapSize                          = 4267704320                             {manageable} {ergonomic}
     bool UseCompressedClassPointers               = true                                 {lp64_product} {ergonomic}
     bool UseCompressedOops                        = true                                 {lp64_product} {ergonomic}
     bool UseG1GC                                  = true                                      {product} {ergonomic}
     bool UseLargePagesIndividualAllocation        = false                                  {pd product} {ergonomic}

Logging:
Log output configuration:
 #0: stdout all=warning uptime,level,tags
 #1: stderr all=off uptime,level,tags

Environment Variables:
JAVA_HOME=C:\Program Files\Java\jdk1.8.0_251
PATH=C:/Program Files/Java/jdk-13.0.2/bin/server;C:/Program Files/Java/jdk-13.0.2/bin;C:\Program Files\ARX-3.8.0\bin;C:\Program Files (x86)\Common Files\Oracle\Java\javapath;C:\ProgramData\Oracle\Java\javapath;C:\Program Files (x86)\Intel\iCLS Client\;C:\Program Files\Intel\iCLS Client\;C:\windows\system32;C:\windows;C:\windows\System32\Wbem;C:\windows\System32\WindowsPowerShell\v1.0\;C:\Program Files (x86)\Intel\Intel(R) Management Engine Components\DAL;C:\Program Files\Intel\Intel(R) Management Engine Components\DAL;C:\Program Files (x86)\Intel\Intel(R) Management Engine Components\IPT;C:\Program Files\Intel\Intel(R) Management Engine Components\IPT;C:\Program Files\Microsoft SQL Server\120\Tools\Binn\;C:\Program Files\Microsoft SQL Server\130\Tools\Binn\;C:\WINDOWS\system32;C:\WINDOWS;C:\WINDOWS\System32\Wbem;C:\WINDOWS\System32\WindowsPowerShell\v1.0\;C:\Users\riad2\.dnx\bin;C:\Program Files\Microsoft DNX\Dnvm\;C:\Program Files (x86)\Windows Kits\8.1\Windows Performance Toolkit\;C:\Program Files (x86)\GtkSharp\2.12\bin;C:\WINDOWS\System32\OpenSSH\;C:\Users\riad2\AppData\Local\Programs\Python\Python37;C:\Program Files\Intel\WiFi\bin\;C:\Program Files\Common Files\Intel\WirelessCommon\;C:\ProgramData\chocolatey\bin;C:\xampp\php;C:\ProgramData\ComposerSetup\bin;C:\Program Files\NVIDIA Corporation\NVIDIA NvDLISR;C:\WINDOWS\system32;C:\WINDOWS;C:\WINDOWS\System32\Wbem;C:\WINDOWS\System32\WindowsPowerShell\v1.0\;C:\WINDOWS\System32\OpenSSH\;C:\Program Files\Java\jdk1.8.0_251\bin;C:\Users\riad2\AppData\Local\Android\Sdk\build-tools;C:\Program Files\nodejs\;C:\Program Files\PuTTY\;C:\Program Files\Git\cmd;C:\Program Files\dotnet\;C:\Program Files (x86)\NVIDIA Corporation\PhysX\Common;C:\Ruby26-x64\bin;C:\Users\riad2\AppData\Local\Programs\Python\Python37\Scripts\;C:\Users\riad2\AppData\Local\Programs\Python\Python37\;C:\Program Files\Java\jdk1.8.0_181\bin;C:\Users\riad2\AppData\Local\Programs\Microsoft VS Code\bin;C:\Users\riad2\AppData\Local\Microsoft\WindowsApps;C:\Users
USERNAME=riad2
OS=Windows_NT
PROCESSOR_IDENTIFIER=Intel64 Family 6 Model 94 Stepping 3, GenuineIntel



---------------  S Y S T E M  ---------------

OS: Windows 10 , 64 bit Build 18362 (10.0.18362.1110)

CPU:total 8 (initial active 8) (4 cores per cpu, 2 threads per core) family 6 model 94 stepping 3, cmov, cx8, fxsr, mmx, sse, sse2, sse3, ssse3, sse4.1, sse4.2, popcnt, avx, avx2, aes, clmul, erms, rtm, 3dnowpref, lzcnt, ht, tsc, tscinvbit, bmi1, bmi2, adx, fma

Memory: 4k page, system-wide physical 16273M (9062M free)
TotalPageFile size 19245M (AvailPageFile size 172M)
current process WorkingSet (physical memory assigned to process): 10M, peak: 10M
current process commit charge ("private bytes"): 61M, peak: 317M

vm_info: Java HotSpot(TM) 64-Bit Server VM (13.0.2+8) for windows-amd64 JRE (13.0.2+8), built on Dec 11 2019 09:20:33 by "mach5one" with unknown MS VC++:1916

END.
